<?xml version="1.0" encoding="UTF-8"?>
<testng-results skipped="0" failed="0" ignored="0" total="2" passed="2">
  <reporter-output>
  </reporter-output>
  <suite name="Default suite" duration-ms="3422" started-at="2021-10-08T10:08:03Z" finished-at="2021-10-08T10:08:06Z">
    <groups>
    </groups>
    <test name="Default test" duration-ms="3422" started-at="2021-10-08T10:08:03Z" finished-at="2021-10-08T10:08:06Z">
      <class name="day2.GitHub">
        <test-method status="PASS" signature="beforeTest()[pri:0, instance:day2.GitHub@163e4e87]" name="beforeTest" is-config="true" duration-ms="361" started-at="2021-10-08T10:08:03Z" finished-at="2021-10-08T10:08:03Z">
          <reporter-output>
          </reporter-output>
        </test-method> <!-- beforeTest -->
        <test-method status="PASS" signature="createRepositories()[pri:0, instance:day2.GitHub@163e4e87]" name="createRepositories" duration-ms="2389" started-at="2021-10-08T10:08:03Z" finished-at="2021-10-08T10:08:06Z">
          <reporter-output>
          </reporter-output>
        </test-method> <!-- createRepositories -->
        <test-method status="PASS" signature="gettingAllRepositories()[pri:0, instance:day2.GitHub@163e4e87]" name="gettingAllRepositories" duration-ms="655" started-at="2021-10-08T10:08:06Z" finished-at="2021-10-08T10:08:06Z">
          <reporter-output>
          </reporter-output>
        </test-method> <!-- gettingAllRepositories -->
      </class> <!-- day2.GitHub -->
    </test> <!-- Default test -->
  </suite> <!-- Default suite -->
</testng-results>
